02/20/11 08:24:32  - Building message catalogs...
02/20/11 08:24:32  - Building Linux x86 install...  
02/20/11 08:24:32  - Building main.tcl...
02/20/11 08:24:32  - Refreshing file groups...
02/20/11 08:24:32  - Getting file list...
02/20/11 08:24:32  - Building file manifest...
02/20/11 08:24:32  - Saving install information...
02/20/11 08:24:35  - Building install...
02/20/11 08:24:36  - Building install executable...
02/20/11 08:24:40  - Linux x86 build completed in 00m08s.
02/20/11 08:24:40  - Installer size is 7.88 MB.
02/20/11 08:24:40  - Build completed in 00m08s.
02/20/11 09:26:18  - Building message catalogs...
02/20/11 09:26:18  - Building Linux x86 install...  
02/20/11 09:26:18  - Building main.tcl...
02/20/11 09:26:18  - Refreshing file groups...
02/20/11 09:26:18  - Getting file list...
02/20/11 09:26:18  - Building file manifest...
02/20/11 09:26:18  - Saving install information...
02/20/11 09:26:24  - Building install...
02/20/11 09:26:24  - Building install executable...
02/20/11 09:26:28  - Linux x86 build completed in 00m10s.
02/20/11 09:26:28  - Installer size is 7.91 MB.
02/20/11 09:26:28  - Build completed in 00m10s.
02/20/11 09:27:27  - Building message catalogs...
02/20/11 09:27:28  - Building Linux x86 install...  
02/20/11 09:27:28  - Building main.tcl...
02/20/11 09:27:28  - Refreshing file groups...
02/20/11 09:27:28  - Getting file list...
02/20/11 09:27:28  - Building file manifest...
02/20/11 09:27:28  - Saving install information...
02/20/11 09:27:32  - Building install...
02/20/11 09:27:33  - Building install executable...
02/20/11 09:27:36  - Linux x86 build completed in 00m08s.
02/20/11 09:27:36  - Installer size is 7.91 MB.
02/20/11 09:27:36  - Build completed in 00m09s.
02/20/11 09:38:43  - Building message catalogs...
02/20/11 09:38:44  - Building Linux x86 install...  
02/20/11 09:38:44  - Building main.tcl...
02/20/11 09:38:44  - Refreshing file groups...
02/20/11 09:38:44  - Getting file list...
02/20/11 09:38:44  - Building file manifest...
02/20/11 09:38:44  - Saving install information...
02/20/11 09:38:46  - Building install...
02/20/11 09:38:47  - Building install executable...
02/20/11 09:38:51  - Linux x86 build completed in 00m07s.
02/20/11 09:38:51  - Installer size is 8.01 MB.
02/20/11 09:38:51  - Build completed in 00m08s.
02/20/11 09:46:19  - Building message catalogs...
02/20/11 09:46:19  - Building Linux x86 install...  
02/20/11 09:46:19  - Building main.tcl...
02/20/11 09:46:19  - Refreshing file groups...
02/20/11 09:46:19  - Getting file list...
02/20/11 09:46:19  - Building file manifest...
02/20/11 09:46:19  - Saving install information...
02/20/11 09:46:22  - Building install...
02/20/11 09:46:22  - Building install executable...
02/20/11 09:46:27  - Linux x86 build completed in 00m08s.
02/20/11 09:46:27  - Installer size is 8.01 MB.
02/20/11 09:46:27  - Building Windows install...  
02/20/11 09:46:27  - Building main.tcl...
02/20/11 09:46:27  - Getting file list...
02/20/11 09:46:27  - Building file manifest...
02/20/11 09:46:27  - Saving install information...
02/20/11 09:46:30  - Building install...
02/20/11 09:46:31  - Building install executable...
02/20/11 09:46:38  - Windows build completed in 00m11s.
02/20/11 09:46:38  - Installer size is 8.18 MB.
02/20/11 09:46:38  - Build completed in 00m19s.
02/20/11 09:50:19  - Building message catalogs...
02/20/11 09:50:19  - Building Linux x86 install...  
02/20/11 09:50:19  - Building main.tcl...
02/20/11 09:50:19  - Refreshing file groups...
02/20/11 09:50:19  - Getting file list...
02/20/11 09:50:19  - Building file manifest...
02/20/11 09:50:19  - Saving install information...
02/20/11 09:50:22  - Building install...
02/20/11 09:50:23  - Building install executable...
02/20/11 09:50:27  - Linux x86 build completed in 00m08s.
02/20/11 09:50:27  - Installer size is 8.01 MB.
02/20/11 09:50:27  - Building Windows install...  
02/20/11 09:50:27  - Building main.tcl...
02/20/11 09:50:27  - Getting file list...
02/20/11 09:50:27  - Building file manifest...
02/20/11 09:50:27  - Saving install information...
02/20/11 09:50:30  - Building install...
02/20/11 09:50:30  - Building install executable...
02/20/11 09:50:34  - Windows build completed in 00m07s.
02/20/11 09:50:34  - Installer size is 8.18 MB.
02/20/11 09:50:34  - Build completed in 00m15s.
02/20/11 09:54:47  - Building message catalogs...
02/20/11 09:54:47  - Building Linux x86 install...  
02/20/11 09:54:47  - Building main.tcl...
02/20/11 09:54:47  - Refreshing file groups...
02/20/11 09:54:47  - Getting file list...
02/20/11 09:54:47  - Building file manifest...
02/20/11 09:54:47  - Saving install information...
02/20/11 09:54:50  - Building install...
02/20/11 09:54:50  - Building install executable...
02/20/11 09:54:56  - Linux x86 build completed in 00m09s.
02/20/11 09:54:56  - Installer size is 8.01 MB.
02/20/11 09:54:56  - Building Windows install...  
02/20/11 09:54:56  - Building main.tcl...
02/20/11 09:54:56  - Getting file list...
02/20/11 09:54:56  - Building file manifest...
02/20/11 09:54:56  - Saving install information...
02/20/11 09:54:59  - Building install...
02/20/11 09:54:59  - Building install executable...
02/20/11 09:55:05  - Windows build completed in 00m09s.
02/20/11 09:55:05  - Installer size is 8.18 MB.
02/20/11 09:55:05  - Build completed in 00m18s.
02/20/11 09:57:03  - Building message catalogs...
02/20/11 09:57:03  - Building Linux x86 install...  
02/20/11 09:57:03  - Building main.tcl...
02/20/11 09:57:03  - Refreshing file groups...
02/20/11 09:57:03  - Getting file list...
02/20/11 09:57:03  - Building file manifest...
02/20/11 09:57:03  - Saving install information...
02/20/11 09:57:07  - Building install...
02/20/11 09:57:07  - Building install executable...
02/20/11 09:57:11  - Linux x86 build completed in 00m08s.
02/20/11 09:57:11  - Installer size is 8.01 MB.
02/20/11 09:57:11  - Building Windows install...  
02/20/11 09:57:11  - Building main.tcl...
02/20/11 09:57:11  - Getting file list...
02/20/11 09:57:11  - Building file manifest...
02/20/11 09:57:11  - Saving install information...
02/20/11 09:57:14  - Building install...
02/20/11 09:57:15  - Building install executable...
02/20/11 09:57:21  - Windows build completed in 00m10s.
02/20/11 09:57:21  - Installer size is 8.18 MB.
02/20/11 09:57:21  - Build completed in 00m18s.
02/20/11 10:26:11  - Building message catalogs...
02/20/11 10:26:11  - Building Linux x86 install...  
02/20/11 10:26:11  - Building main.tcl...
02/20/11 10:26:11  - Refreshing file groups...
02/20/11 10:26:11  - Getting file list...
02/20/11 10:26:11  - Building file manifest...
02/20/11 10:26:11  - Saving install information...
02/20/11 10:26:13  - Building install...
02/20/11 10:26:14  - Building install executable...
02/20/11 10:26:19  - Linux x86 build completed in 00m08s.
02/20/11 10:26:19  - Installer size is 8.06 MB.
02/20/11 10:26:19  - Building Windows install...  
02/20/11 10:26:19  - Building main.tcl...
02/20/11 10:26:19  - Getting file list...
02/20/11 10:26:19  - Building file manifest...
02/20/11 10:26:19  - Saving install information...
02/20/11 10:26:22  - Building install...
02/20/11 10:26:22  - Building install executable...
02/20/11 10:26:28  - Windows build completed in 00m09s.
02/20/11 10:26:28  - Installer size is 8.22 MB.
02/20/11 10:26:28  - Build completed in 00m17s.
02/20/11 10:30:01  - Building message catalogs...
02/20/11 10:30:01  - Building Linux x86 install...  
02/20/11 10:30:01  - Building main.tcl...
02/20/11 10:30:01  - Refreshing file groups...
02/20/11 10:30:01  - Getting file list...
02/20/11 10:30:01  - Building file manifest...
02/20/11 10:30:01  - Saving install information...
02/20/11 10:30:04  - Building install...
02/20/11 10:30:04  - Building install executable...
02/20/11 10:30:09  - Linux x86 build completed in 00m08s.
02/20/11 10:30:09  - Installer size is 8.06 MB.
02/20/11 10:30:09  - Building Windows install...  
02/20/11 10:30:09  - Building main.tcl...
02/20/11 10:30:10  - Getting file list...
02/20/11 10:30:10  - Building file manifest...
02/20/11 10:30:10  - Saving install information...
02/20/11 10:30:12  - Building install...
02/20/11 10:30:12  - Building install executable...
02/20/11 10:30:17  - Windows build completed in 00m08s.
02/20/11 10:30:17  - Installer size is 8.22 MB.
02/20/11 10:30:17  - Build completed in 00m16s.
02/20/11 10:38:14  - Building message catalogs...
02/20/11 10:38:14  - Building Linux x86 install...  
02/20/11 10:38:14  - Building main.tcl...
02/20/11 10:38:14  - Refreshing file groups...
02/20/11 10:38:14  - Getting file list...
02/20/11 10:38:14  - Building file manifest...
02/20/11 10:38:14  - Saving install information...
02/20/11 10:38:18  - Building install...
02/20/11 10:38:18  - Building install executable...
02/20/11 10:38:23  - Linux x86 build completed in 00m09s.
02/20/11 10:38:23  - Installer size is 8.06 MB.
02/20/11 10:38:23  - Building Windows install...  
02/20/11 10:38:23  - Building main.tcl...
02/20/11 10:38:23  - Getting file list...
02/20/11 10:38:23  - Building file manifest...
02/20/11 10:38:23  - Saving install information...
02/20/11 10:38:26  - Building install...
02/20/11 10:38:27  - Building install executable...
02/20/11 10:38:31  - Windows build completed in 00m08s.
02/20/11 10:38:31  - Installer size is 8.22 MB.
02/20/11 10:38:31  - Build completed in 00m17s.
02/20/11 11:05:14  - Building message catalogs...
02/20/11 11:05:14  - Building Linux x86 install...  
02/20/11 11:05:14  - Building main.tcl...
02/20/11 11:05:14  - Refreshing file groups...
02/20/11 11:05:14  - Getting file list...
02/20/11 11:05:14  - Building file manifest...
02/20/11 11:05:14  - Saving install information...
02/20/11 11:05:17  - Building install...
02/20/11 11:05:18  - Building install executable...
02/20/11 11:05:26  - Linux x86 build completed in 00m12s.
02/20/11 11:05:26  - Installer size is 8.12 MB.
02/20/11 11:05:26  - Building Windows install...  
02/20/11 11:05:26  - Building main.tcl...
02/20/11 11:05:26  - Getting file list...
02/20/11 11:05:26  - Building file manifest...
02/20/11 11:05:26  - Saving install information...
02/20/11 11:05:30  - Building install...
02/20/11 11:05:31  - Building install executable...
02/20/11 11:05:37  - Windows build completed in 00m11s.
02/20/11 11:05:37  - Installer size is 8.28 MB.
02/20/11 11:05:37  - Build completed in 00m23s.
02/20/11 11:05:57  - Building message catalogs...
02/20/11 11:05:57  - Building Linux x86 install...  
02/20/11 11:05:57  - Building main.tcl...
02/20/11 11:05:57  - Refreshing file groups...
02/20/11 11:05:57  - Getting file list...
02/20/11 11:05:58  - Building file manifest...
02/20/11 11:05:58  - Saving install information...
02/20/11 11:06:02  - Building install...
02/20/11 11:06:02  - Building install executable...
02/20/11 11:06:07  - Linux x86 build completed in 00m10s.
02/20/11 11:06:07  - Installer size is 8.12 MB.
02/20/11 11:06:07  - Building Windows install...  
02/20/11 11:06:07  - Building main.tcl...
02/20/11 11:06:07  - Getting file list...
02/20/11 11:06:07  - Building file manifest...
02/20/11 11:06:07  - Saving install information...
02/20/11 11:06:11  - Building install...
02/20/11 11:06:12  - Building install executable...
02/20/11 11:06:18  - Windows build completed in 00m11s.
02/20/11 11:06:18  - Installer size is 8.28 MB.
02/20/11 11:06:18  - Build completed in 00m21s.
02/20/11 11:36:48  - Building message catalogs...
02/20/11 11:36:48  - Building Linux x86 install...  
02/20/11 11:36:48  - Building main.tcl...
02/20/11 11:36:48  - Refreshing file groups...
02/20/11 11:36:48  - Getting file list...
02/20/11 11:36:48  - Building file manifest...
02/20/11 11:36:48  - Saving install information...
02/20/11 11:36:52  - Building install...
02/20/11 11:36:53  - Building install executable...
02/20/11 11:36:58  - Linux x86 build completed in 00m10s.
02/20/11 11:36:58  - Installer size is 8.12 MB.
02/20/11 11:36:58  - Building Windows install...  
02/20/11 11:36:58  - Building main.tcl...
02/20/11 11:36:58  - Getting file list...
02/20/11 11:36:58  - Building file manifest...
02/20/11 11:36:58  - Saving install information...
02/20/11 11:37:01  - Building install...
02/20/11 11:37:02  - Building install executable...
02/20/11 11:37:07  - Windows build completed in 00m09s.
02/20/11 11:37:07  - Installer size is 8.28 MB.
02/20/11 11:37:07  - Build completed in 00m19s.
02/20/11 11:38:48  - Building message catalogs...
02/20/11 11:38:48  - Building Linux x86 install...  
02/20/11 11:38:48  - Building main.tcl...
02/20/11 11:38:48  - Refreshing file groups...
02/20/11 11:38:48  - Getting file list...
02/20/11 11:38:48  - Building file manifest...
02/20/11 11:38:48  - Saving install information...
02/20/11 11:38:51  - Building install...
02/20/11 11:38:51  - Building install executable...
02/20/11 11:38:57  - Linux x86 build completed in 00m09s.
02/20/11 11:38:57  - Installer size is 8.12 MB.
02/20/11 11:38:57  - Building Windows install...  
02/20/11 11:38:57  - Building main.tcl...
02/20/11 11:38:57  - Getting file list...
02/20/11 11:38:57  - Building file manifest...
02/20/11 11:38:57  - Saving install information...
02/20/11 11:39:02  - Building install...
02/20/11 11:39:02  - Building install executable...
02/20/11 11:39:08  - Windows build completed in 00m11s.
02/20/11 11:39:08  - Installer size is 8.28 MB.
02/20/11 11:39:08  - Build completed in 00m20s.
02/20/11 11:47:40  - Building message catalogs...
02/20/11 11:47:41  - Building Linux x86 install...  
02/20/11 11:47:41  - Building main.tcl...
02/20/11 11:47:41  - Refreshing file groups...
02/20/11 11:47:41  - Getting file list...
02/20/11 11:47:41  - Building file manifest...
02/20/11 11:47:41  - Saving install information...
02/20/11 11:47:44  - Building install...
02/20/11 11:47:44  - Building install executable...
02/20/11 11:47:49  - Linux x86 build completed in 00m08s.
02/20/11 11:47:49  - Installer size is 8.12 MB.
02/20/11 11:47:49  - Building Windows install...  
02/20/11 11:47:50  - Building main.tcl...
02/20/11 11:47:50  - Getting file list...
02/20/11 11:47:50  - Building file manifest...
02/20/11 11:47:50  - Saving install information...
02/20/11 11:47:54  - Building install...
02/20/11 11:47:54  - Building install executable...
02/20/11 11:48:00  - Windows build completed in 00m11s.
02/20/11 11:48:00  - Installer size is 8.28 MB.
02/20/11 11:48:00  - Build completed in 00m20s.
